0 info it worked if it ends with ok
1 verbose cli [ 'C:\\Program Files\\nodejs\\node.exe',
1 verbose cli   'C:\\Program Files\\nodejs\\node_modules\\npm\\bin\\npm-cli.js',
1 verbose cli   'run',
1 verbose cli   'test' ]
2 info using npm@3.8.9
3 info using node@v6.2.0
4 verbose run-script [ 'pretest', 'test', 'posttest' ]
5 info lifecycle threejs_gallary@1.0.0~pretest: threejs_gallary@1.0.0
6 silly lifecycle threejs_gallary@1.0.0~pretest: no script for pretest, continuing
7 info lifecycle threejs_gallary@1.0.0~test: threejs_gallary@1.0.0
8 verbose lifecycle threejs_gallary@1.0.0~test: unsafe-perm in lifecycle true
9 verbose lifecycle threejs_gallary@1.0.0~test: PATH: C:\Program Files\nodejs\node_modules\npm\bin\node-gyp-bin;D:\project\git\threejsforfun\ThreeJSForFun\threejs_gallary\node_modules\.bin;C:\Program Files\nodejs;%SystemRoot%\system32\WindowsPowerShell\v1.0\;C:\ProgramData\Oracle\Java\javapath;C:\Windows\system32;C:\Windows;C:\Windows\System32\Wbem;C:\Windows\System32\WindowsPowerShell\v1.0\;C:\Program Files (x86)\MySQL\MySQL Fabric 1.5 & MySQL Utilities 1.5\;C:\Program Files (x86)\MySQL\MySQL Fabric 1.5 & MySQL Utilities 1.5\Doctrine extensions for PHP\;C:\Program Files\nodejs\;C:\Program Files\Git\cmd;C:\Users\Administrator\AppData\Roaming\npm
10 verbose lifecycle threejs_gallary@1.0.0~test: CWD: D:\project\git\threejsforfun\ThreeJSForFun\threejs_gallary
11 silly lifecycle threejs_gallary@1.0.0~test: Args: [ '/d /s /c', 'nodemon server.js localhost 3001' ]
12 silly lifecycle threejs_gallary@1.0.0~test: Returned: code: 1  signal: null
13 info lifecycle threejs_gallary@1.0.0~test: Failed to exec test script
14 verbose stack Error: threejs_gallary@1.0.0 test: `nodemon server.js localhost 3001`
14 verbose stack Exit status 1
14 verbose stack     at EventEmitter.<anonymous> (C:\Program Files\nodejs\node_modules\npm\lib\utils\lifecycle.js:245:16)
14 verbose stack     at emitTwo (events.js:106:13)
14 verbose stack     at EventEmitter.emit (events.js:191:7)
14 verbose stack     at ChildProcess.<anonymous> (C:\Program Files\nodejs\node_modules\npm\lib\utils\spawn.js:24:14)
14 verbose stack     at emitTwo (events.js:106:13)
14 verbose stack     at ChildProcess.emit (events.js:191:7)
14 verbose stack     at maybeClose (internal/child_process.js:850:16)
14 verbose stack     at Process.ChildProcess._handle.onexit (internal/child_process.js:215:5)
15 verbose pkgid threejs_gallary@1.0.0
16 verbose cwd D:\project\git\threejsforfun\ThreeJSForFun\threejs_gallary
17 error Windows_NT 6.1.7601
18 error argv "C:\\Program Files\\nodejs\\node.exe" "C:\\Program Files\\nodejs\\node_modules\\npm\\bin\\npm-cli.js" "run" "test"
19 error node v6.2.0
20 error npm  v3.8.9
21 error code ELIFECYCLE
22 error threejs_gallary@1.0.0 test: `nodemon server.js localhost 3001`
22 error Exit status 1
23 error Failed at the threejs_gallary@1.0.0 test script 'nodemon server.js localhost 3001'.
23 error Make sure you have the latest version of node.js and npm installed.
23 error If you do, this is most likely a problem with the threejs_gallary package,
23 error not with npm itself.
23 error Tell the author that this fails on your system:
23 error     nodemon server.js localhost 3001
23 error You can get information on how to open an issue for this project with:
23 error     npm bugs threejs_gallary
23 error Or if that isn't available, you can get their info via:
23 error     npm owner ls threejs_gallary
23 error There is likely additional logging output above.
24 verbose exit [ 1, true ]
